app/build/intermediates/manifest_merge_blame_file/release/manifest-merger-blame-release-report.txt
1<?xml version="1.0" encoding="utf-8"?>
2<manifest xmlns:android="http://schemas.android.com/apk/res/android"
3    package="com.twentytwo.textme"
4    android:versionCode="2"
5    android:versionName="2.2.3" >
6
7    <uses-sdk
8        android:minSdkVersion="21"
8-->src/main/AndroidManifest.xml
9        android:targetSdkVersion="30" />
9-->src/main/AndroidManifest.xml
10
11    <uses-permission android:name="android.permission.INTERNET" />
11-->src/main/AndroidManifest.xml:6:5-67
11-->src/main/AndroidManifest.xml:6:22-64
12    <uses-permission android:name="android.permission.ACCESS_NETWORK_STATE" />
12-->src/main/AndroidManifest.xml:7:5-79
12-->src/main/AndroidManifest.xml:7:22-76
13    <uses-permission android:name="android.permission.RECORD_AUDIO" />
13-->src/main/AndroidManifest.xml:8:5-71
13-->src/main/AndroidManifest.xml:8:22-68
14    <uses-permission android:name="android.permission.CAMERA" />
14-->src/main/AndroidManifest.xml:9:5-65
14-->src/main/AndroidManifest.xml:9:22-62
15    <uses-permission android:name="android.permission.MODIFY_AUDIO_SETTINGS" />
15-->src/main/AndroidManifest.xml:10:5-80
15-->src/main/AndroidManifest.xml:10:22-77
16    <uses-permission android:name="android.permission.WRITE_EXTERNAL_STORAGE" />
16-->src/main/AndroidManifest.xml:11:5-13:40
16-->src/main/AndroidManifest.xml:12:9-65
17    <uses-permission android:name="android.permission.READ_EXTERNAL_STORAGE" />
17-->src/main/AndroidManifest.xml:14:5-80
17-->src/main/AndroidManifest.xml:14:22-77
18    <uses-permission android:name="android.permission.ACCESS_NETWORK_STATE" />
18-->src/main/AndroidManifest.xml:7:5-79
18-->src/main/AndroidManifest.xml:7:22-76
19
20    <queries>
20-->[com.github.CanHub:Android-Image-Cropper:3.1.3] AndroidManifest.xml:11:5-22:15
21        <intent>
21-->[com.github.CanHub:Android-Image-Cropper:3.1.3] AndroidManifest.xml:12:9-18:18
22            <action android:name="android.intent.action.GET_CONTENT" />
22-->[com.github.CanHub:Android-Image-Cropper:3.1.3] AndroidManifest.xml:13:13-72
22-->[com.github.CanHub:Android-Image-Cropper:3.1.3] AndroidManifest.xml:13:21-69
23
24            <category android:name="android.intent.category.OPENABLE" />
24-->[com.github.CanHub:Android-Image-Cropper:3.1.3] AndroidManifest.xml:15:13-73
24-->[com.github.CanHub:Android-Image-Cropper:3.1.3] AndroidManifest.xml:15:23-70
25
26            <data android:mimeType="*/*" />
26-->[com.github.CanHub:Android-Image-Cropper:3.1.3] AndroidManifest.xml:17:13-44
26-->[com.github.CanHub:Android-Image-Cropper:3.1.3] AndroidManifest.xml:17:19-41
27        </intent>
28        <intent>
28-->[com.github.CanHub:Android-Image-Cropper:3.1.3] AndroidManifest.xml:19:9-21:18
29            <action android:name="android.media.action.IMAGE_CAPTURE" />
29-->[com.github.CanHub:Android-Image-Cropper:3.1.3] AndroidManifest.xml:20:13-73
29-->[com.github.CanHub:Android-Image-Cropper:3.1.3] AndroidManifest.xml:20:21-70
30        </intent>
31    </queries>
32
33    <uses-permission android:name="android.permission.WAKE_LOCK" /> <!-- Required by older versions of Google Play services to create IID tokens -->
33-->[com.google.firebase:firebase-messaging:22.0.0] AndroidManifest.xml:23:5-68
33-->[com.google.firebase:firebase-messaging:22.0.0] AndroidManifest.xml:23:22-65
34    <uses-permission android:name="com.google.android.c2dm.permission.RECEIVE" />
34-->[com.google.firebase:firebase-messaging:22.0.0] AndroidManifest.xml:25:5-82
34-->[com.google.firebase:firebase-messaging:22.0.0] AndroidManifest.xml:25:22-79
35    <uses-permission android:name="com.google.android.finsky.permission.BIND_GET_INSTALL_REFERRER_SERVICE" />
35-->[com.google.android.gms:play-services-measurement:19.0.0] AndroidManifest.xml:26:5-110
35-->[com.google.android.gms:play-services-measurement:19.0.0] AndroidManifest.xml:26:22-107
36
37    <application
37-->src/main/AndroidManifest.xml:17:5-84:19
38        android:allowBackup="true"
38-->src/main/AndroidManifest.xml:18:9-35
39        android:appComponentFactory="androidx.core.app.CoreComponentFactory"
39-->[androidx.core:core:1.5.0] AndroidManifest.xml:24:18-86
40        android:icon="@mipmap/ic_launcher"
40-->src/main/AndroidManifest.xml:19:9-43
41        android:label="@string/app_name"
41-->src/main/AndroidManifest.xml:20:9-41
42        android:roundIcon="@mipmap/ic_launcher_round"
42-->src/main/AndroidManifest.xml:21:9-54
43        android:supportsRtl="true"
43-->src/main/AndroidManifest.xml:22:9-35
44        android:theme="@style/Theme.TexTMe" >
44-->src/main/AndroidManifest.xml:23:9-44
45        <activity
45-->src/main/AndroidManifest.xml:24:9-26:39
46            android:name="com.twentytwo.textme.ACTIVITIES_SEC.forgrtPassword"
46-->src/main/AndroidManifest.xml:25:13-58
47            android:exported="true" />
47-->src/main/AndroidManifest.xml:26:13-36
48        <activity
48-->src/main/AndroidManifest.xml:27:9-29:39
49            android:name="com.twentytwo.textme.ACTIVITIES_SEC.Developer_Update"
49-->src/main/AndroidManifest.xml:28:13-60
50            android:exported="true" />
50-->src/main/AndroidManifest.xml:29:13-36
51        <activity
51-->src/main/AndroidManifest.xml:30:9-32:39
52            android:name="com.twentytwo.textme.ACTIVITIES_SEC.LOGINPAGE_SECRET"
52-->src/main/AndroidManifest.xml:31:13-60
53            android:exported="true" />
53-->src/main/AndroidManifest.xml:32:13-36
54        <activity
54-->src/main/AndroidManifest.xml:33:9-35:39
55            android:name="com.twentytwo.textme.ACTIVITIES_SEC.DeveloperActivity"
55-->src/main/AndroidManifest.xml:34:13-61
56            android:exported="true" />
56-->src/main/AndroidManifest.xml:35:13-36
57        <activity
57-->src/main/AndroidManifest.xml:36:9-38:39
58            android:name="com.twentytwo.textme.ACTIVITIES_SEC.EditProfile"
58-->src/main/AndroidManifest.xml:37:13-55
59            android:exported="true" />
59-->src/main/AndroidManifest.xml:38:13-36
60        <activity android:name="com.twentytwo.textme.ui.FEEDS.ADD_FEEDS" />
60-->src/main/AndroidManifest.xml:39:9-56
60-->src/main/AndroidManifest.xml:39:19-53
61        <activity android:name="com.twentytwo.textme.webrtccall.MainActivity" />
61-->src/main/AndroidManifest.xml:40:9-61
61-->src/main/AndroidManifest.xml:40:19-58
62        <activity
62-->src/main/AndroidManifest.xml:41:9-51:20
63            android:name="com.twentytwo.textme.ACTIVITIES_SEC.SpalshScreen"
63-->src/main/AndroidManifest.xml:42:13-56
64            android:screenOrientation="portrait"
64-->src/main/AndroidManifest.xml:43:13-49
65            android:theme="@style/Theme.MaterialComponents.DayNight.NoActionBar" >
65-->src/main/AndroidManifest.xml:44:13-81
66            <intent-filter>
66-->src/main/AndroidManifest.xml:46:13-50:29
67                <action android:name="android.intent.action.MAIN" />
67-->src/main/AndroidManifest.xml:47:17-69
67-->src/main/AndroidManifest.xml:47:25-66
68
69                <category android:name="android.intent.category.LAUNCHER" />
69-->src/main/AndroidManifest.xml:49:17-77
69-->src/main/AndroidManifest.xml:49:27-74
70            </intent-filter>
71        </activity>
72        <activity android:name="com.twentytwo.textme.ACTIVITIES_SEC.ProfileActivity" />
72-->src/main/AndroidManifest.xml:52:9-68
72-->src/main/AndroidManifest.xml:52:19-65
73        <activity android:name="com.twentytwo.textme.ui.CONTACTS.ADD_CONTACTS" />
73-->src/main/AndroidManifest.xml:53:9-62
73-->src/main/AndroidManifest.xml:53:19-59
74        <activity
74-->src/main/AndroidManifest.xml:54:9-56:51
75            android:name="com.twentytwo.textme.ui.CHATS.ChatActivity"
75-->src/main/AndroidManifest.xml:55:13-50
76            android:theme="@style/Theme.TexTMe" />
76-->src/main/AndroidManifest.xml:56:13-48
77        <activity android:name="com.twentytwo.textme.ACTIVITIES_SEC.SignupActivity" />
77-->src/main/AndroidManifest.xml:57:9-67
77-->src/main/AndroidManifest.xml:57:19-64
78        <activity android:name="com.twentytwo.textme.ACTIVITIES_SEC.LoginActivity" /> <!-- optional (needed if default theme has no action bar) -->
78-->src/main/AndroidManifest.xml:58:9-66
78-->src/main/AndroidManifest.xml:58:19-63
79        <activity
79-->src/main/AndroidManifest.xml:59:9-61:48
80            android:name="com.twentytwo.textme.MainActivity"
80-->src/main/AndroidManifest.xml:60:13-41
81            android:label="@string/app_name" />
81-->src/main/AndroidManifest.xml:61:13-45
82        <activity
82-->src/main/AndroidManifest.xml:62:9-64:59
83            android:name="com.canhub.cropper.CropImageActivity"
83-->src/main/AndroidManifest.xml:63:13-64
84            android:theme="@style/Base.Theme.AppCompat" /> <!-- FCM -->
84-->src/main/AndroidManifest.xml:64:13-56
85        <meta-data
85-->src/main/AndroidManifest.xml:65:9-67:55
86            android:name="com.google.firebase.messaging.default_notification_icon"
86-->src/main/AndroidManifest.xml:66:13-83
87            android:resource="@drawable/ic_account" />
87-->src/main/AndroidManifest.xml:67:13-52
88
89        <service android:name="com.twentytwo.textme.service.MyFirebaseMessagingService" >
89-->src/main/AndroidManifest.xml:69:9-73:19
89-->src/main/AndroidManifest.xml:69:18-68
90            <intent-filter>
90-->src/main/AndroidManifest.xml:70:13-72:29
91                <action android:name="com.google.firebase.MESSAGING_EVENT" />
91-->src/main/AndroidManifest.xml:71:17-78
91-->src/main/AndroidManifest.xml:71:25-75
92            </intent-filter>
93        </service>
94        <service android:name="com.twentytwo.textme.service.MyFirebaseInstanceIDService" >
94-->src/main/AndroidManifest.xml:74:9-78:19
94-->src/main/AndroidManifest.xml:74:18-69
95            <intent-filter>
95-->src/main/AndroidManifest.xml:75:13-77:29
96                <action android:name="com.google.firebase.INSTANCE_ID_EVENT" />
96-->src/main/AndroidManifest.xml:76:17-80
96-->src/main/AndroidManifest.xml:76:25-77
97            </intent-filter>
98        </service>
99
100        <activity
100-->src/main/AndroidManifest.xml:80:9-83:84
101            android:name="com.twentytwo.textme.webrtccall.RTCActivity"
101-->src/main/AndroidManifest.xml:81:13-51
102            android:screenOrientation="portrait"
102-->src/main/AndroidManifest.xml:82:13-49
103            android:theme="@style/Theme.MaterialComponents.DayNight.NoActionBar" />
103-->src/main/AndroidManifest.xml:83:13-81
104
105        <provider
105-->[com.github.CanHub:Android-Image-Cropper:3.1.3] AndroidManifest.xml:25:9-33:20
106            android:name="com.canhub.cropper.CropFileProvider"
106-->[com.github.CanHub:Android-Image-Cropper:3.1.3] AndroidManifest.xml:26:13-63
107            android:authorities="com.twentytwo.textme.cropper.fileprovider"
107-->[com.github.CanHub:Android-Image-Cropper:3.1.3] AndroidManifest.xml:27:13-72
108            android:exported="false"
108-->[com.github.CanHub:Android-Image-Cropper:3.1.3] AndroidManifest.xml:28:13-37
109            android:grantUriPermissions="true" >
109-->[com.github.CanHub:Android-Image-Cropper:3.1.3] AndroidManifest.xml:29:13-47
110            <meta-data
110-->[com.github.CanHub:Android-Image-Cropper:3.1.3] AndroidManifest.xml:30:13-32:62
111                android:name="android.support.FILE_PROVIDER_PATHS"
111-->[com.github.CanHub:Android-Image-Cropper:3.1.3] AndroidManifest.xml:31:17-67
112                android:resource="@xml/library_file_paths" />
112-->[com.github.CanHub:Android-Image-Cropper:3.1.3] AndroidManifest.xml:32:17-59
113        </provider>
114
115        <service
115-->[com.google.firebase:firebase-storage-ktx:20.0.0] AndroidManifest.xml:12:9-18:19
116            android:name="com.google.firebase.components.ComponentDiscoveryService"
116-->[com.google.firebase:firebase-storage-ktx:20.0.0] AndroidManifest.xml:13:13-84
117            android:directBootAware="true"
117-->[com.google.firebase:firebase-common:20.0.0] AndroidManifest.xml:35:13-43
118            android:exported="false" >
118-->[com.google.firebase:firebase-storage-ktx:20.0.0] AndroidManifest.xml:14:13-37
119            <meta-data
119-->[com.google.firebase:firebase-storage-ktx:20.0.0] AndroidManifest.xml:15:13-17:85
120                android:name="com.google.firebase.components:com.google.firebase.storage.ktx.FirebaseStorageKtxRegistrar"
120-->[com.google.firebase:firebase-storage-ktx:20.0.0] AndroidManifest.xml:16:17-122
121                android:value="com.google.firebase.components.ComponentRegistrar" />
121-->[com.google.firebase:firebase-storage-ktx:20.0.0] AndroidManifest.xml:17:17-82
122            <meta-data
122-->[com.google.firebase:firebase-analytics-ktx:19.0.0] AndroidManifest.xml:11:13-13:85
123                android:name="com.google.firebase.components:com.google.firebase.analytics.ktx.FirebaseAnalyticsKtxRegistrar"
123-->[com.google.firebase:firebase-analytics-ktx:19.0.0] AndroidManifest.xml:12:17-126
124                android:value="com.google.firebase.components.ComponentRegistrar" />
124-->[com.google.firebase:firebase-analytics-ktx:19.0.0] AndroidManifest.xml:13:17-82
125            <meta-data
125-->[com.google.firebase:firebase-database-ktx:20.0.0] AndroidManifest.xml:15:13-17:85
126                android:name="com.google.firebase.components:com.google.firebase.database.ktx.FirebaseDatabaseKtxRegistrar"
126-->[com.google.firebase:firebase-database-ktx:20.0.0] AndroidManifest.xml:16:17-124
127                android:value="com.google.firebase.components.ComponentRegistrar" />
127-->[com.google.firebase:firebase-database-ktx:20.0.0] AndroidManifest.xml:17:17-82
128            <meta-data
128-->[com.google.firebase:firebase-firestore-ktx:23.0.1] AndroidManifest.xml:15:13-17:85
129                android:name="com.google.firebase.components:com.google.firebase.firestore.ktx.FirebaseFirestoreKtxRegistrar"
129-->[com.google.firebase:firebase-firestore-ktx:23.0.1] AndroidManifest.xml:16:17-126
130                android:value="com.google.firebase.components.ComponentRegistrar" />
130-->[com.google.firebase:firebase-firestore-ktx:23.0.1] AndroidManifest.xml:17:17-82
131            <meta-data
131-->[com.google.firebase:firebase-messaging-ktx:22.0.0] AndroidManifest.xml:29:13-31:85
132                android:name="com.google.firebase.components:com.google.firebase.messaging.ktx.FirebaseMessagingKtxRegistrar"
132-->[com.google.firebase:firebase-messaging-ktx:22.0.0] AndroidManifest.xml:30:17-126
133                android:value="com.google.firebase.components.ComponentRegistrar" />
133-->[com.google.firebase:firebase-messaging-ktx:22.0.0] AndroidManifest.xml:31:17-82
134            <meta-data
134-->[com.google.firebase:firebase-common-ktx:20.0.0] AndroidManifest.xml:15:13-17:85
135                android:name="com.google.firebase.components:com.google.firebase.ktx.FirebaseCommonKtxRegistrar"
135-->[com.google.firebase:firebase-common-ktx:20.0.0] AndroidManifest.xml:16:17-113
136                android:value="com.google.firebase.components.ComponentRegistrar" />
136-->[com.google.firebase:firebase-common-ktx:20.0.0] AndroidManifest.xml:17:17-82
137            <meta-data
137-->[com.google.firebase:firebase-auth:21.0.1] AndroidManifest.xml:77:13-79:85
138                android:name="com.google.firebase.components:com.google.firebase.auth.FirebaseAuthRegistrar"
138-->[com.google.firebase:firebase-auth:21.0.1] AndroidManifest.xml:78:17-109
139                android:value="com.google.firebase.components.ComponentRegistrar" />
139-->[com.google.firebase:firebase-auth:21.0.1] AndroidManifest.xml:79:17-82
140            <meta-data
140-->[com.google.firebase:firebase-database:20.0.0] AndroidManifest.xml:32:13-34:85
141                android:name="com.google.firebase.components:com.google.firebase.database.DatabaseRegistrar"
141-->[com.google.firebase:firebase-database:20.0.0] AndroidManifest.xml:33:17-109
142                android:value="com.google.firebase.components.ComponentRegistrar" />
142-->[com.google.firebase:firebase-database:20.0.0] AndroidManifest.xml:34:17-82
143            <meta-data
143-->[com.google.firebase:firebase-messaging:22.0.0] AndroidManifest.xml:52:13-54:85
144                android:name="com.google.firebase.components:com.google.firebase.messaging.FirebaseMessagingRegistrar"
144-->[com.google.firebase:firebase-messaging:22.0.0] AndroidManifest.xml:53:17-119
145                android:value="com.google.firebase.components.ComponentRegistrar" />
145-->[com.google.firebase:firebase-messaging:22.0.0] AndroidManifest.xml:54:17-82
146            <meta-data
146-->[com.google.firebase:firebase-datatransport:18.0.0] AndroidManifest.xml:28:13-30:85
147                android:name="com.google.firebase.components:com.google.firebase.datatransport.TransportRegistrar"
147-->[com.google.firebase:firebase-datatransport:18.0.0] AndroidManifest.xml:29:17-115
148                android:value="com.google.firebase.components.ComponentRegistrar" />
148-->[com.google.firebase:firebase-datatransport:18.0.0] AndroidManifest.xml:30:17-82
149            <meta-data
149-->[com.google.firebase:firebase-firestore:23.0.1] AndroidManifest.xml:20:13-22:85
150                android:name="com.google.firebase.components:com.google.firebase.firestore.FirestoreRegistrar"
150-->[com.google.firebase:firebase-firestore:23.0.1] AndroidManifest.xml:21:17-111
151                android:value="com.google.firebase.components.ComponentRegistrar" />
151-->[com.google.firebase:firebase-firestore:23.0.1] AndroidManifest.xml:22:17-82
152            <meta-data
152-->[com.google.firebase:firebase-storage:20.0.0] AndroidManifest.xml:33:13-35:85
153                android:name="com.google.firebase.components:com.google.firebase.storage.StorageRegistrar"
153-->[com.google.firebase:firebase-storage:20.0.0] AndroidManifest.xml:34:17-107
154                android:value="com.google.firebase.components.ComponentRegistrar" />
154-->[com.google.firebase:firebase-storage:20.0.0] AndroidManifest.xml:35:17-82
155            <meta-data
155-->[com.google.android.gms:play-services-measurement-api:19.0.0] AndroidManifest.xml:30:13-32:85
156                android:name="com.google.firebase.components:com.google.firebase.analytics.connector.internal.AnalyticsConnectorRegistrar"
156-->[com.google.android.gms:play-services-measurement-api:19.0.0] AndroidManifest.xml:31:17-139
157                android:value="com.google.firebase.components.ComponentRegistrar" />
157-->[com.google.android.gms:play-services-measurement-api:19.0.0] AndroidManifest.xml:32:17-82
158            <meta-data
158-->[com.google.firebase:firebase-installations:17.0.0] AndroidManifest.xml:18:13-20:85
159                android:name="com.google.firebase.components:com.google.firebase.installations.FirebaseInstallationsRegistrar"
159-->[com.google.firebase:firebase-installations:17.0.0] AndroidManifest.xml:19:17-127
160                android:value="com.google.firebase.components.ComponentRegistrar" />
160-->[com.google.firebase:firebase-installations:17.0.0] AndroidManifest.xml:20:17-82
161        </service>
162
163        <activity
163-->[com.google.firebase:firebase-auth:21.0.1] AndroidManifest.xml:27:9-44:20
164            android:name="com.google.firebase.auth.internal.GenericIdpActivity"
164-->[com.google.firebase:firebase-auth:21.0.1] AndroidManifest.xml:28:13-80
165            android:excludeFromRecents="true"
165-->[com.google.firebase:firebase-auth:21.0.1] AndroidManifest.xml:29:13-46
166            android:exported="true"
166-->[com.google.firebase:firebase-auth:21.0.1] AndroidManifest.xml:30:13-36
167            android:launchMode="singleTask"
167-->[com.google.firebase:firebase-auth:21.0.1] AndroidManifest.xml:31:13-44
168            android:theme="@android:style/Theme.Translucent.NoTitleBar" >
168-->[com.google.firebase:firebase-auth:21.0.1] AndroidManifest.xml:32:13-72
169            <intent-filter>
169-->[com.google.firebase:firebase-auth:21.0.1] AndroidManifest.xml:33:13-43:29
170                <action android:name="android.intent.action.VIEW" />
170-->[com.google.firebase:firebase-auth:21.0.1] AndroidManifest.xml:34:17-69
170-->[com.google.firebase:firebase-auth:21.0.1] AndroidManifest.xml:34:25-66
171
172                <category android:name="android.intent.category.DEFAULT" />
172-->[com.google.firebase:firebase-auth:21.0.1] AndroidManifest.xml:36:17-76
172-->[com.google.firebase:firebase-auth:21.0.1] AndroidManifest.xml:36:27-73
173                <category android:name="android.intent.category.BROWSABLE" />
173-->[com.google.firebase:firebase-auth:21.0.1] AndroidManifest.xml:37:17-78
173-->[com.google.firebase:firebase-auth:21.0.1] AndroidManifest.xml:37:27-75
174
175                <data
175-->[com.github.CanHub:Android-Image-Cropper:3.1.3] AndroidManifest.xml:17:13-44
176                    android:host="firebase.auth"
177                    android:path="/"
178                    android:scheme="genericidp" />
179            </intent-filter>
180        </activity>
181        <activity
181-->[com.google.firebase:firebase-auth:21.0.1] AndroidManifest.xml:45:9-62:20
182            android:name="com.google.firebase.auth.internal.RecaptchaActivity"
182-->[com.google.firebase:firebase-auth:21.0.1] AndroidManifest.xml:46:13-79
183            android:excludeFromRecents="true"
183-->[com.google.firebase:firebase-auth:21.0.1] AndroidManifest.xml:47:13-46
184            android:exported="true"
184-->[com.google.firebase:firebase-auth:21.0.1] AndroidManifest.xml:48:13-36
185            android:launchMode="singleTask"
185-->[com.google.firebase:firebase-auth:21.0.1] AndroidManifest.xml:49:13-44
186            android:theme="@android:style/Theme.Translucent.NoTitleBar" >
186-->[com.google.firebase:firebase-auth:21.0.1] AndroidManifest.xml:50:13-72
187            <intent-filter>
187-->[com.google.firebase:firebase-auth:21.0.1] AndroidManifest.xml:51:13-61:29
188                <action android:name="android.intent.action.VIEW" />
188-->[com.google.firebase:firebase-auth:21.0.1] AndroidManifest.xml:34:17-69
188-->[com.google.firebase:firebase-auth:21.0.1] AndroidManifest.xml:34:25-66
189
190                <category android:name="android.intent.category.DEFAULT" />
190-->[com.google.firebase:firebase-auth:21.0.1] AndroidManifest.xml:36:17-76
190-->[com.google.firebase:firebase-auth:21.0.1] AndroidManifest.xml:36:27-73
191                <category android:name="android.intent.category.BROWSABLE" />
191-->[com.google.firebase:firebase-auth:21.0.1] AndroidManifest.xml:37:17-78
191-->[com.google.firebase:firebase-auth:21.0.1] AndroidManifest.xml:37:27-75
192
193                <data
193-->[com.github.CanHub:Android-Image-Cropper:3.1.3] AndroidManifest.xml:17:13-44
194                    android:host="firebase.auth"
195                    android:path="/"
196                    android:scheme="recaptcha" />
197            </intent-filter>
198        </activity>
199
200        <service
200-->[com.google.firebase:firebase-auth:21.0.1] AndroidManifest.xml:64:9-73:19
201            android:name="com.google.firebase.auth.api.fallback.service.FirebaseAuthFallbackService"
201-->[com.google.firebase:firebase-auth:21.0.1] AndroidManifest.xml:65:13-101
202            android:enabled="true"
202-->[com.google.firebase:firebase-auth:21.0.1] AndroidManifest.xml:66:13-35
203            android:exported="false" >
203-->[com.google.firebase:firebase-auth:21.0.1] AndroidManifest.xml:67:13-37
204            <intent-filter>
204-->[com.google.firebase:firebase-auth:21.0.1] AndroidManifest.xml:68:13-72:29
205                <action android:name="com.google.firebase.auth.api.gms.service.START" />
205-->[com.google.firebase:firebase-auth:21.0.1] AndroidManifest.xml:69:17-89
205-->[com.google.firebase:firebase-auth:21.0.1] AndroidManifest.xml:69:25-86
206
207                <category android:name="android.intent.category.DEFAULT" />
207-->[com.google.firebase:firebase-auth:21.0.1] AndroidManifest.xml:36:17-76
207-->[com.google.firebase:firebase-auth:21.0.1] AndroidManifest.xml:36:27-73
208            </intent-filter>
209        </service>
210
211        <receiver
211-->[com.google.firebase:firebase-messaging:22.0.0] AndroidManifest.xml:28:9-35:20
212            android:name="com.google.firebase.iid.FirebaseInstanceIdReceiver"
212-->[com.google.firebase:firebase-messaging:22.0.0] AndroidManifest.xml:29:13-78
213            android:exported="true"
213-->[com.google.firebase:firebase-messaging:22.0.0] AndroidManifest.xml:30:13-36
214            android:permission="com.google.android.c2dm.permission.SEND" >
214-->[com.google.firebase:firebase-messaging:22.0.0] AndroidManifest.xml:31:13-73
215            <intent-filter>
215-->[com.google.firebase:firebase-messaging:22.0.0] AndroidManifest.xml:32:13-34:29
216                <action android:name="com.google.android.c2dm.intent.RECEIVE" />
216-->[com.google.firebase:firebase-messaging:22.0.0] AndroidManifest.xml:33:17-81
216-->[com.google.firebase:firebase-messaging:22.0.0] AndroidManifest.xml:33:25-78
217            </intent-filter>
218        </receiver>
219        <!--
220             FirebaseMessagingService performs security checks at runtime,
221             but set to not exported to explicitly avoid allowing another app to call it.
222        -->
223        <service
223-->[com.google.firebase:firebase-messaging:22.0.0] AndroidManifest.xml:41:9-48:19
224            android:name="com.google.firebase.messaging.FirebaseMessagingService"
224-->[com.google.firebase:firebase-messaging:22.0.0] AndroidManifest.xml:42:13-82
225            android:directBootAware="true"
225-->[com.google.firebase:firebase-messaging:22.0.0] AndroidManifest.xml:43:13-43
226            android:exported="false" >
226-->[com.google.firebase:firebase-messaging:22.0.0] AndroidManifest.xml:44:13-37
227            <intent-filter android:priority="-500" >
227-->src/main/AndroidManifest.xml:70:13-72:29
228                <action android:name="com.google.firebase.MESSAGING_EVENT" />
228-->src/main/AndroidManifest.xml:71:17-78
228-->src/main/AndroidManifest.xml:71:25-75
229            </intent-filter>
230        </service>
231        <service
231-->[com.google.android.datatransport:transport-backend-cct:3.0.0] AndroidManifest.xml:29:9-35:19
232            android:name="com.google.android.datatransport.runtime.backends.TransportBackendDiscovery"
232-->[com.google.android.datatransport:transport-backend-cct:3.0.0] AndroidManifest.xml:30:13-103
233            android:exported="false" >
233-->[com.google.android.datatransport:transport-backend-cct:3.0.0] AndroidManifest.xml:31:13-37
234            <meta-data
234-->[com.google.android.datatransport:transport-backend-cct:3.0.0] AndroidManifest.xml:32:13-34:39
235                android:name="backend:com.google.android.datatransport.cct.CctBackendFactory"
235-->[com.google.android.datatransport:transport-backend-cct:3.0.0] AndroidManifest.xml:33:17-94
236                android:value="cct" />
236-->[com.google.android.datatransport:transport-backend-cct:3.0.0] AndroidManifest.xml:34:17-36
237        </service>
238
239        <provider
239-->[com.google.firebase:firebase-common:20.0.0] AndroidManifest.xml:26:9-31:39
240            android:name="com.google.firebase.provider.FirebaseInitProvider"
240-->[com.google.firebase:firebase-common:20.0.0] AndroidManifest.xml:27:13-77
241            android:authorities="com.twentytwo.textme.firebaseinitprovider"
241-->[com.google.firebase:firebase-common:20.0.0] AndroidManifest.xml:28:13-72
242            android:directBootAware="true"
242-->[com.google.firebase:firebase-common:20.0.0] AndroidManifest.xml:29:13-43
243            android:exported="false"
243-->[com.google.firebase:firebase-common:20.0.0] AndroidManifest.xml:30:13-37
244            android:initOrder="100" />
244-->[com.google.firebase:firebase-common:20.0.0] AndroidManifest.xml:31:13-36
245
246        <activity
246-->[com.google.android.gms:play-services-base:17.1.0] AndroidManifest.xml:23:9-26:75
247            android:name="com.google.android.gms.common.api.GoogleApiActivity"
247-->[com.google.android.gms:play-services-base:17.1.0] AndroidManifest.xml:24:13-79
248            android:exported="false"
248-->[com.google.android.gms:play-services-base:17.1.0] AndroidManifest.xml:25:13-37
249            android:theme="@android:style/Theme.Translucent.NoTitleBar" />
249-->[com.google.android.gms:play-services-base:17.1.0] AndroidManifest.xml:26:13-72
250
251        <receiver
251-->[com.google.android.gms:play-services-measurement:19.0.0] AndroidManifest.xml:29:9-33:20
252            android:name="com.google.android.gms.measurement.AppMeasurementReceiver"
252-->[com.google.android.gms:play-services-measurement:19.0.0] AndroidManifest.xml:30:13-85
253            android:enabled="true"
253-->[com.google.android.gms:play-services-measurement:19.0.0] AndroidManifest.xml:31:13-35
254            android:exported="false" >
254-->[com.google.android.gms:play-services-measurement:19.0.0] AndroidManifest.xml:32:13-37
255        </receiver>
256
257        <service
257-->[com.google.android.gms:play-services-measurement:19.0.0] AndroidManifest.xml:35:9-38:40
258            android:name="com.google.android.gms.measurement.AppMeasurementService"
258-->[com.google.android.gms:play-services-measurement:19.0.0] AndroidManifest.xml:36:13-84
259            android:enabled="true"
259-->[com.google.android.gms:play-services-measurement:19.0.0] AndroidManifest.xml:37:13-35
260            android:exported="false" />
260-->[com.google.android.gms:play-services-measurement:19.0.0] AndroidManifest.xml:38:13-37
261        <service
261-->[com.google.android.gms:play-services-measurement:19.0.0] AndroidManifest.xml:39:9-43:72
262            android:name="com.google.android.gms.measurement.AppMeasurementJobService"
262-->[com.google.android.gms:play-services-measurement:19.0.0] AndroidManifest.xml:40:13-87
263            android:enabled="true"
263-->[com.google.android.gms:play-services-measurement:19.0.0] AndroidManifest.xml:41:13-35
264            android:exported="false"